0 info it worked if it ends with ok
1 verbose cli [ '/home/wojciech/.nvm/versions/node/v6.9.5/bin/node',
1 verbose cli   '/home/wojciech/.nvm/versions/node/v6.9.5/bin/npm',
1 verbose cli   'run',
1 verbose cli   'prod' ]
2 info using npm@3.10.10
3 info using node@v6.9.5
4 verbose run-script [ 'preprod', 'prod', 'postprod' ]
5 info lifecycle reminder@0.0.1~preprod: reminder@0.0.1
6 silly lifecycle reminder@0.0.1~preprod: no script for preprod, continuing
7 info lifecycle reminder@0.0.1~prod: reminder@0.0.1
8 verbose lifecycle reminder@0.0.1~prod: unsafe-perm in lifecycle true
9 verbose lifecycle reminder@0.0.1~prod: PATH: /home/wojciech/.nvm/versions/node/v6.9.5/lib/node_modules/npm/bin/node-gyp-bin:/home/wojciech/dev/reminder/node_modules/.bin:/home/wojciech/.nvm/versions/node/v6.9.5/bin:/usr/local/sbin:/usr/local/bin:/usr/sbin:/usr/bin:/sbin:/bin:/usr/games:/usr/local/games:/snap/bin
10 verbose lifecycle reminder@0.0.1~prod: CWD: /home/wojciech/dev/reminder
11 silly lifecycle reminder@0.0.1~prod: Args: [ '-c', 'webpack -p' ]
12 silly lifecycle reminder@0.0.1~prod: Returned: code: 2  signal: null
13 info lifecycle reminder@0.0.1~prod: Failed to exec prod script
14 verbose stack Error: reminder@0.0.1 prod: `webpack -p`
14 verbose stack Exit status 2
14 verbose stack     at EventEmitter.<anonymous> (/home/wojciech/.nvm/versions/node/v6.9.5/lib/node_modules/npm/lib/utils/lifecycle.js:255:16)
14 verbose stack     at emitTwo (events.js:106:13)
14 verbose stack     at EventEmitter.emit (events.js:191:7)
14 verbose stack     at ChildProcess.<anonymous> (/home/wojciech/.nvm/versions/node/v6.9.5/lib/node_modules/npm/lib/utils/spawn.js:40:14)
14 verbose stack     at emitTwo (events.js:106:13)
14 verbose stack     at ChildProcess.emit (events.js:191:7)
14 verbose stack     at maybeClose (internal/child_process.js:877:16)
14 verbose stack     at Process.ChildProcess._handle.onexit (internal/child_process.js:226:5)
15 verbose pkgid reminder@0.0.1
16 verbose cwd /home/wojciech/dev/reminder
17 error Linux 4.4.0-81-generic
18 error argv "/home/wojciech/.nvm/versions/node/v6.9.5/bin/node" "/home/wojciech/.nvm/versions/node/v6.9.5/bin/npm" "run" "prod"
19 error node v6.9.5
20 error npm  v3.10.10
21 error code ELIFECYCLE
22 error reminder@0.0.1 prod: `webpack -p`
22 error Exit status 2
23 error Failed at the reminder@0.0.1 prod script 'webpack -p'.
23 error Make sure you have the latest version of node.js and npm installed.
23 error If you do, this is most likely a problem with the reminder package,
23 error not with npm itself.
23 error Tell the author that this fails on your system:
23 error     webpack -p
23 error You can get information on how to open an issue for this project with:
23 error     npm bugs reminder
23 error Or if that isn't available, you can get their info via:
23 error     npm owner ls reminder
23 error There is likely additional logging output above.
24 verbose exit [ 1, true ]
